#
# There is insufficient memory for the Java Runtime Environment to continue.
# Native memory allocation (mmap) failed to map 67764224 bytes for committing reserved memory.
# Possible reasons:
#   The system is out of physical RAM or swap space
#   The process is running with CompressedOops enabled, and the Java Heap may be blocking the growth of the native heap
# Possible solutions:
#   Reduce memory load on the system
#   Increase physical memory or swap space
#   Check if swap backing store is full
#   Decrease Java heap size (-Xmx/-Xms)
#   Decrease number of Java threads
#   Decrease Java thread stack sizes (-Xss)
#   Set larger code cache with -XX:ReservedCodeCacheSize=
#   JVM is running with Unscaled Compressed Oops mode in which the Java heap is
#     placed in the first 4GB address space. The Java Heap base address is the
#     maximum limit for the native heap growth. Please use -XX:HeapBaseMinAddress
#     to set the Java Heap base and to place the Java Heap above 4GB virtual address.
# This output file may be truncated or incomplete.
#
#  Out of Memory Error (os_linux.cpp:2839), pid=9407, tid=9412
#
# JRE version: OpenJDK Runtime Environment (11.0.5+10) (build 11.0.5+10-post-Ubuntu-0ubuntu1.118.04)
# Java VM: OpenJDK 64-Bit Server VM (11.0.5+10-post-Ubuntu-0ubuntu1.118.04, mixed mode, sharing, tiered, compressed oops, serial gc, linux-amd64)
# Core dump will be written. Default location: Core dumps may be processed with "/usr/share/apport/apport %p %s %c %d %P" (or dumping to /home/ubuntu/LearningCardsBackEnd/core.9407)
#

---------------  S U M M A R Y ------------

Command Line: -XX:+HeapDumpOnOutOfMemoryError -Xmx1024m -Dfile.encoding=UTF-8 -Duser.country -Duser.language=en -Duser.variant org.gradle.launcher.daemon.bootstrap.GradleDaemon 4.4.1

Host: Intel(R) Xeon(R) CPU E5-2676 v3 @ 2.40GHz, 1 cores, 479M, Ubuntu 18.04.3 LTS
Time: Mon Dec 23 22:42:13 2019 UTC elapsed time: 23 seconds (0d 0h 0m 23s)

---------------  T H R E A D  ---------------

Current thread (0x00007f080c04c800):  VMThread "VM Thread" [stack: 0x00007f07f3135000,0x00007f07f3235000] [id=9412]

Stack: [0x00007f07f3135000,0x00007f07f3235000],  sp=0x00007f07f32331a0,  free space=1016k
Native frames: (J=compiled Java code, A=aot compiled Java code, j=interpreted, Vv=VM code, C=native code)
V  [libjvm.so+0xdec067]
V  [libjvm.so+0xdeccbb]
V  [libjvm.so+0x64fc15]
V  [libjvm.so+0xbc7682]
V  [libjvm.so+0xbbee2f]
V  [libjvm.so+0xde3897]
V  [libjvm.so+0x515691]
V  [libjvm.so+0x515834]
V  [libjvm.so+0xd73897]
V  [libjvm.so+0x515fd9]
V  [libjvm.so+0x7ada20]
V  [libjvm.so+0x7ae698]
V  [libjvm.so+0xdee04f]
V  [libjvm.so+0xdf68c8]
V  [libjvm.so+0xdf4106]
V  [libjvm.so+0xdf4610]
V  [libjvm.so+0xdf4a43]
V  [libjvm.so+0xd7ba0a]
V  [libjvm.so+0xbcd3ce]

VM_Operation (0x00007f07d24312d0): GenCollectForAllocation, mode: safepoint, requested by thread 0x00007f07d4532800


---------------  P R O C E S S  ---------------

Threads class SMR info:
_java_thread_list=0x0000562a9ba47310, length=30, elements={
0x00007f080c014000, 0x00007f080c04f800, 0x00007f080c051800, 0x00007f080c05a000,
0x00007f080c05c800, 0x00007f080c05e800, 0x00007f080c060800, 0x00007f080c09b000,
0x00007f080c0a5000, 0x00007f080cc78000, 0x00007f080ccad000, 0x00007f07e00d0000,
0x00007f07e800c000, 0x00007f07e800e800, 0x00007f07e8010800, 0x00007f080ccb6000,
0x00007f080cda0800, 0x00007f080cda5000, 0x00007f080cde2800, 0x00007f080d4e3000,
0x00007f080d527000, 0x00007f080d7c1800, 0x00007f080d7d7000, 0x00007f080d7d2000,
0x00007f080d84f800, 0x00007f080d1aa800, 0x00007f07d4529800, 0x00007f07d452f800,
0x00007f07d4530800, 0x00007f07d4532800
}

Java Threads: ( => current thread )
  0x00007f080c014000 JavaThread "main" [_thread_blocked, id=9408, stack(0x00007f0813406000,0x00007f0813507000)]
  0x00007f080c04f800 JavaThread "Reference Handler" daemon [_thread_blocked, id=9413, stack(0x00007f07f3032000,0x00007f07f3133000)]
  0x00007f080c051800 JavaThread "Finalizer" daemon [_thread_blocked, id=9414, stack(0x00007f07f2f31000,0x00007f07f3032000)]
  0x00007f080c05a000 JavaThread "Signal Dispatcher" daemon [_thread_blocked, id=9415, stack(0x00007f07f2af1000,0x00007f07f2bf2000)]
  0x00007f080c05c800 JavaThread "C2 CompilerThread0" daemon [_thread_blocked, id=9416, stack(0x00007f07f29f0000,0x00007f07f2af1000)]
  0x00007f080c05e800 JavaThread "C1 CompilerThread0" daemon [_thread_blocked, id=9417, stack(0x00007f07f28ef000,0x00007f07f29f0000)]
  0x00007f080c060800 JavaThread "Sweeper thread" daemon [_thread_blocked, id=9418, stack(0x00007f07f27ee000,0x00007f07f28ef000)]
  0x00007f080c09b000 JavaThread "Service Thread" daemon [_thread_blocked, id=9419, stack(0x00007f07f26ed000,0x00007f07f27ee000)]
  0x00007f080c0a5000 JavaThread "Common-Cleaner" daemon [_thread_blocked, id=9421, stack(0x00007f07f24ea000,0x00007f07f25eb000)]
  0x00007f080cc78000 JavaThread "Incoming local TCP Connector on port 36225" [_thread_in_native, id=9422, stack(0x00007f07f177d000,0x00007f07f187e000)]
  0x00007f080ccad000 JavaThread "Daemon periodic checks" [_thread_blocked, id=9423, stack(0x00007f07f167c000,0x00007f07f177d000)]
  0x00007f07e00d0000 JavaThread "Daemon" [_thread_blocked, id=9424, stack(0x00007f07f157b000,0x00007f07f167c000)]
  0x00007f07e800c000 JavaThread "Handler for socket connection from /0:0:0:0:0:0:0:1:36225 to /0:0:0:0:0:0:0:1:43162" [_thread_blocked, id=9425, stack(0x00007f07f147a000,0x00007f07f157b000)]
  0x00007f07e800e800 JavaThread "Cancel handler" [_thread_blocked, id=9426, stack(0x00007f07f1379000,0x00007f07f147a000)]
  0x00007f07e8010800 JavaThread "Daemon worker" [_thread_blocked, id=9427, stack(0x00007f07f1278000,0x00007f07f1379000)]
  0x00007f080ccb6000 JavaThread "Stdin handler" [_thread_blocked, id=9431, stack(0x00007f07f1076000,0x00007f07f1177000)]
  0x00007f080cda0800 JavaThread "Cache worker for file hash cache (/home/ubuntu/.gradle/caches/4.4.1/fileHashes)" [_thread_blocked, id=9432, stack(0x00007f07f0d75000,0x00007f07f0e76000)]
  0x00007f080cda5000 JavaThread "File lock request listener" [_thread_in_native, id=9433, stack(0x00007f07f0c74000,0x00007f07f0d75000)]
  0x00007f080cde2800 JavaThread "Cache worker for file hash cache (/home/ubuntu/LearningCardsBackEnd/.gradle/4.4.1/fileHashes)" [_thread_blocked, id=9435, stack(0x00007f07f0b73000,0x00007f07f0c74000)]
  0x00007f080d4e3000 JavaThread "Memory manager" [_thread_blocked, id=9440, stack(0x00007f07f0872000,0x00007f07f0973000)]
  0x00007f080d527000 JavaThread "Cache worker for Artifact transforms cache (/home/ubuntu/.gradle/caches/transforms-1)" [_thread_blocked, id=9441, stack(0x00007f07d3cff000,0x00007f07d3e00000)]
  0x00007f080d7c1800 JavaThread "Cache worker for file content cache (/home/ubuntu/LearningCardsBackEnd/.gradle/4.4.1/fileContent)" [_thread_blocked, id=9442, stack(0x00007f07d3bfe000,0x00007f07d3cff000)]
  0x00007f080d7d7000 JavaThread "Cache worker for task history cache (/home/ubuntu/LearningCardsBackEnd/.gradle/4.4.1/taskHistory)" [_thread_blocked, id=9443, stack(0x00007f07d3439000,0x00007f07d353a000)]
  0x00007f080d7d2000 JavaThread "Cache worker for Build Output Cleanup Cache (/home/ubuntu/LearningCardsBackEnd/.gradle/buildOutputCleanup)" [_thread_blocked, id=9444, stack(0x00007f07d3338000,0x00007f07d3439000)]
  0x00007f080d84f800 JavaThread "build operations" [_thread_blocked, id=9445, stack(0x00007f07d3037000,0x00007f07d3138000)]
  0x00007f080d1aa800 JavaThread "Run command '/usr/lib/jvm/java-11-openjdk-amd64/bin/java'" [_thread_blocked, id=9446, stack(0x00007f07d2736000,0x00007f07d2837000)]
  0x00007f07d4529800 JavaThread "process reaper" daemon [_thread_in_native, id=9448, stack(0x00007f07f0850000,0x00007f07f0872000)]
  0x00007f07d452f800 JavaThread "Forward streams with process: command '/usr/lib/jvm/java-11-openjdk-amd64/bin/java'" [_thread_blocked, id=9450, stack(0x00007f07d2534000,0x00007f07d2635000)]
  0x00007f07d4530800 JavaThread "Forward streams with process: command '/usr/lib/jvm/java-11-openjdk-amd64/bin/java' Thread 2" [_thread_in_native, id=9451, stack(0x00007f07d2433000,0x00007f07d2534000)]
  0x00007f07d4532800 JavaThread "Forward streams with process: command '/usr/lib/jvm/java-11-openjdk-amd64/bin/java' Thread 3" [_thread_blocked, id=9452, stack(0x00007f07d2332000,0x00007f07d2433000)]

Other Threads:
=>0x00007f080c04c800 VMThread "VM Thread" [stack: 0x00007f07f3135000,0x00007f07f3235000] [id=9412]
  0x00007f080c09d800 WatcherThread [stack: 0x00007f07f25ed000,0x00007f07f26ed000] [id=9420]

Threads with active compile tasks:

VM state:at safepoint (normal execution)

VM Mutex/Monitor currently owned by a thread:  ([mutex/lock_event])
[0x00007f080c010350] Threads_lock - owner thread: 0x00007f080c04c800
[0x00007f080c010aa0] Heap_lock - owner thread: 0x00007f07d4532800

Heap address: 0x00000000c0000000, size: 1024 MB, Compressed Oops mode: 32-bit
Narrow klass base: 0x0000000800000000, Narrow klass shift: 3
Compressed class space size: 1073741824 Address: 0x0000000840000000

Heap:
 def new generation   total 44032K, used 4817K [0x00000000c0000000, 0x00000000c2fc0000, 0x00000000d5550000)
  eden space 39168K,  12% used [0x00000000c0000000, 0x00000000c04b4718, 0x00000000c2640000)
  from space 4864K,   0% used [0x00000000c2b00000, 0x00000000c2b00000, 0x00000000c2fc0000)
  to   space 4864K,   0% used [0x00000000c2640000, 0x00000000c2640000, 0x00000000c2b00000)
 tenured generation   total 99264K, used 99264K [0x00000000d5550000, 0x00000000db640000, 0x0000000100000000)
   the space 99264K, 100% used [0x00000000d5550000, 0x00000000db640000, 0x00000000db640000, 0x00000000db640000)
 Metaspace       used 42974K, capacity 43879K, committed 44416K, reserved 1087488K
  class space    used 5931K, capacity 6215K, committed 6272K, reserved 1048576K

Card table byte_map: [0x00007f07f3c0c000,0x00007f07f3e0d000] _byte_map_base: 0x00007f07f360c000

Polling page: 0x00007f081350f000

Metaspace:

Usage:
  Non-class:     36.78 MB capacity,    36.17 MB ( 98%) used,   538.34 KB (  1%) free+waste,    83.00 KB ( <1%) overhead. 
      Class:      6.07 MB capacity,     5.79 MB ( 95%) used,   244.08 KB (  4%) free+waste,    39.00 KB ( <1%) overhead. 
       Both:     42.85 MB capacity,    41.97 MB ( 98%) used,   782.42 KB (  2%) free+waste,   122.00 KB ( <1%) overhead. 

Virtual space:
  Non-class space:       38.00 MB reserved,      37.25 MB ( 98%) committed 
      Class space:        1.00 GB reserved,       6.12 MB ( <1%) committed 
             Both:        1.04 GB reserved,      43.38 MB (  4%) committed 

Chunk freelists:
   Non-Class:  260.00 KB
       Class:  0 bytes
        Both:  260.00 KB

MaxMetaspaceSize: unlimited
CompressedClassSpaceSize: 1.00 GB

CodeHeap 'non-profiled nmethods': size=120036Kb used=2199Kb max_used=2199Kb free=117836Kb
 bounds [0x00007f07fb9bf000, 0x00007f07fbc2f000, 0x00007f0802ef8000]
CodeHeap 'profiled nmethods': size=120032Kb used=10019Kb max_used=10019Kb free=110012Kb
 bounds [0x00007f07f4487000, 0x00007f07f4e57000, 0x00007f07fb9bf000]
CodeHeap 'non-nmethods': size=5692Kb used=2213Kb max_used=2250Kb free=3478Kb
 bounds [0x00007f07f3ef8000, 0x00007f07f4168000, 0x00007f07f4487000]
 total_blobs=7342 nmethods=5242 adapters=698
 compilation: enabled
              stopped_count=0, restarted_count=0
 full_count=0

Compilation events (20 events):
Event: 19.643 Thread 0x00007f080c05c800 5436       4       java.lang.invoke.Invokers$Holder::linkToTargetMethod (9 bytes)
Event: 19.643 Thread 0x00007f080c05c800 nmethod 5436 0x00007f07fbbe1790 code [0x00007f07fbbe1940, 0x00007f07fbbe19f8]
Event: 19.644 Thread 0x00007f080c05e800 5435       3       sun.nio.fs.UnixPath::isAbsolute (25 bytes)
Event: 19.644 Thread 0x00007f080c05e800 nmethod 5435 0x00007f07f4e51510 code [0x00007f07f4e516c0, 0x00007f07f4e518f0]
Event: 19.646 Thread 0x00007f080c05e800 5437       3       java.lang.ThreadLocal::get (38 bytes)
Event: 19.646 Thread 0x00007f080c05e800 nmethod 5437 0x00007f07f4e51990 code [0x00007f07f4e51b80, 0x00007f07f4e51ee8]
Event: 19.922 Thread 0x00007f080c05c800 5438       4       java.io.FilterInputStream::read (9 bytes)
Event: 19.923 Thread 0x00007f080c05c800 nmethod 5438 0x00007f07fbbe1b10 code [0x00007f07fbbe1ca0, 0x00007f07fbbe1d38]
Event: 20.671 Thread 0x00007f080c05c800 5439   !   4       java.nio.HeapCharBuffer::toString (30 bytes)
Event: 20.681 Thread 0x00007f080c05c800 nmethod 5439 0x00007f07fbbe1e10 code [0x00007f07fbbe1fe0, 0x00007f07fbbe2538]
Event: 20.920 Thread 0x00007f080c05c800 5440   !   4       java.io.PrintStream::flush (35 bytes)
Event: 20.943 Thread 0x00007f080c05c800 nmethod 5440 0x00007f07fbbe2890 code [0x00007f07fbbe2ac0, 0x00007f07fbbe36a8]
Event: 20.957 Thread 0x00007f080c05c800 5441       4       org.gradle.internal.io.LinePerThreadBufferingOutputStream::flush (8 bytes)
Event: 20.963 Thread 0x00007f080c05c800 nmethod 5441 0x00007f07fbbe3d90 code [0x00007f07fbbe3f60, 0x00007f07fbbe41d8]
Event: 21.022 Thread 0x00007f080c05c800 5442       4       java.util.LinkedList::linkLast (59 bytes)
Event: 21.024 Thread 0x00007f080c05c800 nmethod 5442 0x00007f07fbbe4510 code [0x00007f07fbbe46a0, 0x00007f07fbbe4818]
Event: 21.263 Thread 0x00007f080c05e800 5443       3       java.io.FileInputStream::read (8 bytes)
Event: 21.263 Thread 0x00007f080c05e800 nmethod 5443 0x00007f07f4e52010 code [0x00007f07f4e521c0, 0x00007f07f4e52368]
Event: 22.044 Thread 0x00007f080c05c800 5444       4       java.io.DataInputStream::readInt (72 bytes)
Event: 22.051 Thread 0x00007f080c05c800 nmethod 5444 0x00007f07fbbe4910 code [0x00007f07fbbe4ac0, 0x00007f07fbbe4bf8]

GC Heap History (20 events):
Event: 19.868 GC heap after
{Heap after GC invocations=68 (full 4):
 def new generation   total 24320K, used 2687K [0x00000000c0000000, 0x00000000c1a60000, 0x00000000d5550000)
  eden space 21632K,   0% used [0x00000000c0000000, 0x00000000c0000000, 0x00000000c1520000)
  from space 2688K,  99% used [0x00000000c17c0000, 0x00000000c1a5fff8, 0x00000000c1a60000)
  to   space 2688K,   0% used [0x00000000c1520000, 0x00000000c1520000, 0x00000000c17c0000)
 tenured generation   total 53720K, used 34264K [0x00000000d5550000, 0x00000000d89c6000, 0x0000000100000000)
   the space 53720K,  63% used [0x00000000d5550000, 0x00000000d76c6360, 0x00000000d76c6400, 0x00000000d89c6000)
 Metaspace       used 42974K, capacity 43879K, committed 44416K, reserved 1087488K
  class space    used 5931K, capacity 6215K, committed 6272K, reserved 1048576K
}
Event: 20.090 GC heap before
{Heap before GC invocations=68 (full 4):
 def new generation   total 24320K, used 24319K [0x00000000c0000000, 0x00000000c1a60000, 0x00000000d5550000)
  eden space 21632K, 100% used [0x00000000c0000000, 0x00000000c1520000, 0x00000000c1520000)
  from space 2688K,  99% used [0x00000000c17c0000, 0x00000000c1a5fff8, 0x00000000c1a60000)
  to   space 2688K,   0% used [0x00000000c1520000, 0x00000000c1520000, 0x00000000c17c0000)
 tenured generation   total 53720K, used 34264K [0x00000000d5550000, 0x00000000d89c6000, 0x0000000100000000)
   the space 53720K,  63% used [0x00000000d5550000, 0x00000000d76c6360, 0x00000000d76c6400, 0x00000000d89c6000)
 Metaspace       used 42974K, capacity 43879K, committed 44416K, reserved 1087488K
  class space    used 5931K, capacity 6215K, committed 6272K, reserved 1048576K
}
Event: 20.105 GC heap after
{Heap after GC invocations=69 (full 4):
 def new generation   total 24320K, used 2688K [0x00000000c0000000, 0x00000000c1a60000, 0x00000000d5550000)
  eden space 21632K,   0% used [0x00000000c0000000, 0x00000000c0000000, 0x00000000c1520000)
  from space 2688K, 100% used [0x00000000c1520000, 0x00000000c17c0000, 0x00000000c17c0000)
  to   space 2688K,   0% used [0x00000000c17c0000, 0x00000000c17c0000, 0x00000000c1a60000)
 tenured generation   total 53720K, used 39082K [0x00000000d5550000, 0x00000000d89c6000, 0x0000000100000000)
   the space 53720K,  72% used [0x00000000d5550000, 0x00000000d7b7a828, 0x00000000d7b7aa00, 0x00000000d89c6000)
 Metaspace       used 42974K, capacity 43879K, committed 44416K, reserved 1087488K
  class space    used 5931K, capacity 6215K, committed 6272K, reserved 1048576K
}
Event: 20.325 GC heap before
{Heap before GC invocations=69 (full 4):
 def new generation   total 24320K, used 24320K [0x00000000c0000000, 0x00000000c1a60000, 0x00000000d5550000)
  eden space 21632K, 100% used [0x00000000c0000000, 0x00000000c1520000, 0x00000000c1520000)
  from space 2688K, 100% used [0x00000000c1520000, 0x00000000c17c0000, 0x00000000c17c0000)
  to   space 2688K,   0% used [0x00000000c17c0000, 0x00000000c17c0000, 0x00000000c1a60000)
 tenured generation   total 53720K, used 39082K [0x00000000d5550000, 0x00000000d89c6000, 0x0000000100000000)
   the space 53720K,  72% used [0x00000000d5550000, 0x00000000d7b7a828, 0x00000000d7b7aa00, 0x00000000d89c6000)
 Metaspace       used 42974K, capacity 43879K, committed 44416K, reserved 1087488K
  class space    used 5931K, capacity 6215K, committed 6272K, reserved 1048576K
}
Event: 20.339 GC heap after
{Heap after GC invocations=70 (full 4):
 def new generation   total 24320K, used 2687K [0x00000000c0000000, 0x00000000c1a60000, 0x00000000d5550000)
  eden space 21632K,   0% used [0x00000000c0000000, 0x00000000c0000000, 0x00000000c1520000)
  from space 2688K,  99% used [0x00000000c17c0000, 0x00000000c1a5fff8, 0x00000000c1a60000)
  to   space 2688K,   0% used [0x00000000c1520000, 0x00000000c1520000, 0x00000000c17c0000)
 tenured generation   total 53720K, used 43899K [0x00000000d5550000, 0x00000000d89c6000, 0x0000000100000000)
   the space 53720K,  81% used [0x00000000d5550000, 0x00000000d802ed40, 0x00000000d802ee00, 0x00000000d89c6000)
 Metaspace       used 42974K, capacity 43879K, committed 44416K, reserved 1087488K
  class space    used 5931K, capacity 6215K, committed 6272K, reserved 1048576K
}
Event: 20.560 GC heap before
{Heap before GC invocations=70 (full 4):
 def new generation   total 24320K, used 24319K [0x00000000c0000000, 0x00000000c1a60000, 0x00000000d5550000)
  eden space 21632K, 100% used [0x00000000c0000000, 0x00000000c1520000, 0x00000000c1520000)
  from space 2688K,  99% used [0x00000000c17c0000, 0x00000000c1a5fff8, 0x00000000c1a60000)
  to   space 2688K,   0% used [0x00000000c1520000, 0x00000000c1520000, 0x00000000c17c0000)
 tenured generation   total 53720K, used 43899K [0x00000000d5550000, 0x00000000d89c6000, 0x0000000100000000)
   the space 53720K,  81% used [0x00000000d5550000, 0x00000000d802ed40, 0x00000000d802ee00, 0x00000000d89c6000)
 Metaspace       used 42974K, capacity 43879K, committed 44416K, reserved 1087488K
  class space    used 5931K, capacity 6215K, committed 6272K, reserved 1048576K
}
Event: 20.573 GC heap after
{Heap after GC invocations=71 (full 4):
 def new generation   total 24320K, used 2688K [0x00000000c0000000, 0x00000000c1a60000, 0x00000000d5550000)
  eden space 21632K,   0% used [0x00000000c0000000, 0x00000000c0000000, 0x00000000c1520000)
  from space 2688K, 100% used [0x00000000c1520000, 0x00000000c17c0000, 0x00000000c17c0000)
  to   space 2688K,   0% used [0x00000000c17c0000, 0x00000000c17c0000, 0x00000000c1a60000)
 tenured generation   total 53720K, used 48716K [0x00000000d5550000, 0x00000000d89c6000, 0x0000000100000000)
   the space 53720K,  90% used [0x00000000d5550000, 0x00000000d84e3208, 0x00000000d84e3400, 0x00000000d89c6000)
 Metaspace       used 42974K, capacity 43879K, committed 44416K, reserved 1087488K
  class space    used 5931K, capacity 6215K, committed 6272K, reserved 1048576K
}
Event: 20.800 GC heap before
{Heap before GC invocations=71 (full 4):
 def new generation   total 24320K, used 24320K [0x00000000c0000000, 0x00000000c1a60000, 0x00000000d5550000)
  eden space 21632K, 100% used [0x00000000c0000000, 0x00000000c1520000, 0x00000000c1520000)
  from space 2688K, 100% used [0x00000000c1520000, 0x00000000c17c0000, 0x00000000c17c0000)
  to   space 2688K,   0% used [0x00000000c17c0000, 0x00000000c17c0000, 0x00000000c1a60000)
 tenured generation   total 53720K, used 48716K [0x00000000d5550000, 0x00000000d89c6000, 0x0000000100000000)
   the space 53720K,  90% used [0x00000000d5550000, 0x00000000d84e3208, 0x00000000d84e3400, 0x00000000d89c6000)
 Metaspace       used 42974K, capacity 43879K, committed 44416K, reserved 1087488K
  class space    used 5931K, capacity 6215K, committed 6272K, reserved 1048576K
}
Event: 20.814 GC heap after
{Heap after GC invocations=72 (full 4):
 def new generation   total 24320K, used 2688K [0x00000000c0000000, 0x00000000c1a60000, 0x00000000d5550000)
  eden space 21632K,   0% used [0x00000000c0000000, 0x00000000c0000000, 0x00000000c1520000)
  from space 2688K, 100% used [0x00000000c17c0000, 0x00000000c1a60000, 0x00000000c1a60000)
  to   space 2688K,   0% used [0x00000000c1520000, 0x00000000c1520000, 0x00000000c17c0000)
 tenured generation   total 53720K, used 53533K [0x00000000d5550000, 0x00000000d89c6000, 0x0000000100000000)
   the space 53720K,  99% used [0x00000000d5550000, 0x00000000d8997720, 0x00000000d8997800, 0x00000000d89c6000)
 Metaspace       used 42974K, capacity 43879K, committed 44416K, reserved 1087488K
  class space    used 5931K, capacity 6215K, committed 6272K, reserved 1048576K
}
Event: 21.052 GC heap before
{Heap before GC invocations=72 (full 4):
 def new generation   total 24320K, used 24320K [0x00000000c0000000, 0x00000000c1a60000, 0x00000000d5550000)
  eden space 21632K, 100% used [0x00000000c0000000, 0x00000000c1520000, 0x00000000c1520000)
  from space 2688K, 100% used [0x00000000c17c0000, 0x00000000c1a60000, 0x00000000c1a60000)
  to   space 2688K,   0% used [0x00000000c1520000, 0x00000000c1520000, 0x00000000c17c0000)
 tenured generation   total 53720K, used 53533K [0x00000000d5550000, 0x00000000d89c6000, 0x0000000100000000)
   the space 53720K,  99% used [0x00000000d5550000, 0x00000000d8997720, 0x00000000d8997800, 0x00000000d89c6000)
 Metaspace       used 42974K, capacity 43879K, committed 44416K, reserved 1087488K
  class space    used 5931K, capacity 6215K, committed 6272K, reserved 1048576K
}
Event: 21.178 GC heap after
{Heap after GC invocations=73 (full 5):
 def new generation   total 44032K, used 2512K [0x00000000c0000000, 0x00000000c2fc0000, 0x00000000d5550000)
  eden space 39168K,   6% used [0x00000000c0000000, 0x00000000c02740a0, 0x00000000c2640000)
  from space 4864K,   0% used [0x00000000c2640000, 0x00000000c2640000, 0x00000000c2b00000)
  to   space 4864K,   0% used [0x00000000c2b00000, 0x00000000c2b00000, 0x00000000c2fc0000)
 tenured generation   total 97536K, used 58519K [0x00000000d5550000, 0x00000000db490000, 0x0000000100000000)
   the space 97536K,  59% used [0x00000000d5550000, 0x00000000d8e75fc8, 0x00000000d8e76000, 0x00000000db490000)
 Metaspace       used 42974K, capacity 43879K, committed 44416K, reserved 1087488K
  class space    used 5931K, capacity 6215K, committed 6272K, reserved 1048576K
}
Event: 21.560 GC heap before
{Heap before GC invocations=73 (full 5):
 def new generation   total 44032K, used 39168K [0x00000000c0000000, 0x00000000c2fc0000, 0x00000000d5550000)
  eden space 39168K, 100% used [0x00000000c0000000, 0x00000000c2640000, 0x00000000c2640000)
  from space 4864K,   0% used [0x00000000c2640000, 0x00000000c2640000, 0x00000000c2b00000)
  to   space 4864K,   0% used [0x00000000c2b00000, 0x00000000c2b00000, 0x00000000c2fc0000)
 tenured generation   total 97536K, used 58519K [0x00000000d5550000, 0x00000000db490000, 0x0000000100000000)
   the space 97536K,  59% used [0x00000000d5550000, 0x00000000d8e75fc8, 0x00000000d8e76000, 0x00000000db490000)
 Metaspace       used 42974K, capacity 43879K, committed 44416K, reserved 1087488K
  class space    used 5931K, capacity 6215K, committed 6272K, reserved 1048576K
}
Event: 21.608 GC heap after
{Heap after GC invocations=74 (full 5):
 def new generation   total 44032K, used 4864K [0x00000000c0000000, 0x00000000c2fc0000, 0x00000000d5550000)
  eden space 39168K,   0% used [0x00000000c0000000, 0x00000000c0000000, 0x00000000c2640000)
  from space 4864K, 100% used [0x00000000c2b00000, 0x00000000c2fc0000, 0x00000000c2fc0000)
  to   space 4864K,   0% used [0x00000000c2640000, 0x00000000c2640000, 0x00000000c2b00000)
 tenured generation   total 97536K, used 64336K [0x00000000d5550000, 0x00000000db490000, 0x0000000100000000)
   the space 97536K,  65% used [0x00000000d5550000, 0x00000000d9424098, 0x00000000d9424200, 0x00000000db490000)
 Metaspace       used 42974K, capacity 43879K, committed 44416K, reserved 1087488K
  class space    used 5931K, capacity 6215K, committed 6272K, reserved 1048576K
}
Event: 22.008 GC heap before
{Heap before GC invocations=74 (full 5):
 def new generation   total 44032K, used 44032K [0x00000000c0000000, 0x00000000c2fc0000, 0x00000000d5550000)
  eden space 39168K, 100% used [0x00000000c0000000, 0x00000000c2640000, 0x00000000c2640000)
  from space 4864K, 100% used [0x00000000c2b00000, 0x00000000c2fc0000, 0x00000000c2fc0000)
  to   space 4864K,   0% used [0x00000000c2640000, 0x00000000c2640000, 0x00000000c2b00000)
 tenured generation   total 97536K, used 64336K [0x00000000d5550000, 0x00000000db490000, 0x0000000100000000)
   the space 97536K,  65% used [0x00000000d5550000, 0x00000000d9424098, 0x00000000d9424200, 0x00000000db490000)
 Metaspace       used 42974K, capacity 43879K, committed 44416K, reserved 1087488K
  class space    used 5931K, capacity 6215K, committed 6272K, reserved 1048576K
}
Event: 22.043 GC heap after
{Heap after GC invocations=75 (full 5):
 def new generation   total 44032K, used 4864K [0x00000000c0000000, 0x00000000c2fc0000, 0x00000000d5550000)
  eden space 39168K,   0% used [0x00000000c0000000, 0x00000000c0000000, 0x00000000c2640000)
  from space 4864K, 100% used [0x00000000c2640000, 0x00000000c2b00000, 0x00000000c2b00000)
  to   space 4864K,   0% used [0x00000000c2b00000, 0x00000000c2b00000, 0x00000000c2fc0000)
 tenured generation   total 97536K, used 73063K [0x00000000d5550000, 0x00000000db490000, 0x0000000100000000)
   the space 97536K,  74% used [0x00000000d5550000, 0x00000000d9ca9f10, 0x00000000d9caa000, 0x00000000db490000)
 Metaspace       used 42974K, capacity 43879K, committed 44416K, reserved 1087488K
  class space    used 5931K, capacity 6215K, committed 6272K, reserved 1048576K
}
Event: 22.447 GC heap before
{Heap before GC invocations=75 (full 5):
 def new generation   total 44032K, used 44032K [0x00000000c0000000, 0x00000000c2fc0000, 0x00000000d5550000)
  eden space 39168K, 100% used [0x00000000c0000000, 0x00000000c2640000, 0x00000000c2640000)
  from space 4864K, 100% used [0x00000000c2640000, 0x00000000c2b00000, 0x00000000c2b00000)
  to   space 4864K,   0% used [0x00000000c2b00000, 0x00000000c2b00000, 0x00000000c2fc0000)
 tenured generation   total 97536K, used 73063K [0x00000000d5550000, 0x00000000db490000, 0x0000000100000000)
   the space 97536K,  74% used [0x00000000d5550000, 0x00000000d9ca9f10, 0x00000000d9caa000, 0x00000000db490000)
 Metaspace       used 42974K, capacity 43879K, committed 44416K, reserved 1087488K
  class space    used 5931K, capacity 6215K, committed 6272K, reserved 1048576K
}
Event: 22.480 GC heap after
{Heap after GC invocations=76 (full 5):
 def new generation   total 44032K, used 4863K [0x00000000c0000000, 0x00000000c2fc0000, 0x00000000d5550000)
  eden space 39168K,   0% used [0x00000000c0000000, 0x00000000c0000000, 0x00000000c2640000)
  from space 4864K,  99% used [0x00000000c2b00000, 0x00000000c2fbfff8, 0x00000000c2fc0000)
  to   space 4864K,   0% used [0x00000000c2640000, 0x00000000c2640000, 0x00000000c2b00000)
 tenured generation   total 97536K, used 81762K [0x00000000d5550000, 0x00000000db490000, 0x0000000100000000)
   the space 97536K,  83% used [0x00000000d5550000, 0x00000000da5289a8, 0x00000000da528a00, 0x00000000db490000)
 Metaspace       used 42974K, capacity 43879K, committed 44416K, reserved 1087488K
  class space    used 5931K, capacity 6215K, committed 6272K, reserved 1048576K
}
Event: 22.884 GC heap before
{Heap before GC invocations=76 (full 5):
 def new generation   total 44032K, used 44031K [0x00000000c0000000, 0x00000000c2fc0000, 0x00000000d5550000)
  eden space 39168K, 100% used [0x00000000c0000000, 0x00000000c2640000, 0x00000000c2640000)
  from space 4864K,  99% used [0x00000000c2b00000, 0x00000000c2fbfff8, 0x00000000c2fc0000)
  to   space 4864K,   0% used [0x00000000c2640000, 0x00000000c2640000, 0x00000000c2b00000)
 tenured generation   total 97536K, used 81762K [0x00000000d5550000, 0x00000000db490000, 0x0000000100000000)
   the space 97536K,  83% used [0x00000000d5550000, 0x00000000da5289a8, 0x00000000da528a00, 0x00000000db490000)
 Metaspace       used 42974K, capacity 43879K, committed 44416K, reserved 1087488K
  class space    used 5931K, capacity 6215K, committed 6272K, reserved 1048576K
}
Event: 22.918 GC heap after
{Heap after GC invocations=77 (full 5):
 def new generation   total 44032K, used 4863K [0x00000000c0000000, 0x00000000c2fc0000, 0x00000000d5550000)
  eden space 39168K,   0% used [0x00000000c0000000, 0x00000000c0000000, 0x00000000c2640000)
  from space 4864K,  99% used [0x00000000c2640000, 0x00000000c2affff8, 0x00000000c2b00000)
  to   space 4864K,   0% used [0x00000000c2b00000, 0x00000000c2b00000, 0x00000000c2fc0000)
 tenured generation   total 97536K, used 90490K [0x00000000d5550000, 0x00000000db490000, 0x0000000100000000)
   the space 97536K,  92% used [0x00000000d5550000, 0x00000000dadae868, 0x00000000dadaea00, 0x00000000db490000)
 Metaspace       used 42974K, capacity 43879K, committed 44416K, reserved 1087488K
  class space    used 5931K, capacity 6215K, committed 6272K, reserved 1048576K
}
Event: 23.324 GC heap before
{Heap before GC invocations=77 (full 5):
 def new generation   total 44032K, used 44031K [0x00000000c0000000, 0x00000000c2fc0000, 0x00000000d5550000)
  eden space 39168K, 100% used [0x00000000c0000000, 0x00000000c2640000, 0x00000000c2640000)
  from space 4864K,  99% used [0x00000000c2640000, 0x00000000c2affff8, 0x00000000c2b00000)
  to   space 4864K,   0% used [0x00000000c2b00000, 0x00000000c2b00000, 0x00000000c2fc0000)
 tenured generation   total 97536K, used 90490K [0x00000000d5550000, 0x00000000db490000, 0x0000000100000000)
   the space 97536K,  92% used [0x00000000d5550000, 0x00000000dadae868, 0x00000000dadaea00, 0x00000000db490000)
 Metaspace       used 42974K, capacity 43879K, committed 44416K, reserved 1087488K
  class space    used 5931K, capacity 6215K, committed 6272K, reserved 1048576K
}

Deoptimization events (20 events):
Event: 19.291 Thread 0x00007f080c014000 Uncommon trap: trap_request=0xffffffde fr.pc=0x00007f07fbbce974 relative=0x0000000000000654
Event: 19.291 Thread 0x00007f080c014000 Uncommon trap: reason=class_check action=maybe_recompile pc=0x00007f07fbbce974 method=org.gradle.internal.logging.sink.OutputEventRenderer.onOutput(Lorg/gradle/internal/logging/events/OutputEvent;)V @ 1 c2
Event: 19.291 Thread 0x00007f080c014000 DEOPT PACKING pc=0x00007f07fbbce974 sp=0x00007f0813504ab0
Event: 19.291 Thread 0x00007f080c014000 DEOPT UNPACKING pc=0x00007f07f3f203a5 sp=0x00007f0813504a88 mode 2
Event: 19.291 Thread 0x00007f080c014000 Uncommon trap: trap_request=0xffffffde fr.pc=0x00007f07fbbb6fd4 relative=0x0000000000000154
Event: 19.291 Thread 0x00007f080c014000 Uncommon trap: reason=class_check action=maybe_recompile pc=0x00007f07fbbb6fd4 method=org.gradle.internal.logging.sink.OutputEventRenderer$4.onOutput(Lorg/gradle/internal/logging/events/OutputEvent;)V @ 1 c2
Event: 19.291 Thread 0x00007f080c014000 DEOPT PACKING pc=0x00007f07fbbb6fd4 sp=0x00007f0813504900
Event: 19.291 Thread 0x00007f080c014000 DEOPT UNPACKING pc=0x00007f07f3f203a5 sp=0x00007f0813504858 mode 2
Event: 19.291 Thread 0x00007f080c014000 Uncommon trap: trap_request=0xffffffde fr.pc=0x00007f07fbbc61a8 relative=0x0000000000000248
Event: 19.292 Thread 0x00007f080c014000 Uncommon trap: reason=class_check action=maybe_recompile pc=0x00007f07fbbc61a8 method=org.gradle.launcher.daemon.server.exec.LogToClient$AsynchronousLogDispatcher$1.isMatchingBuildLogLevel(Lorg/gradle/internal/logging/events/OutputEvent;)Z @ 1 c2
Event: 19.292 Thread 0x00007f080c014000 DEOPT PACKING pc=0x00007f07fbbc61a8 sp=0x00007f08135048f0
Event: 19.292 Thread 0x00007f080c014000 DEOPT UNPACKING pc=0x00007f07f3f203a5 sp=0x00007f0813504858 mode 2
Event: 19.641 Thread 0x00007f080c051800 Uncommon trap: trap_request=0xffffff4d fr.pc=0x00007f07fbb510d0 relative=0x0000000000000190
Event: 19.641 Thread 0x00007f080c051800 Uncommon trap: reason=unstable_if action=reinterpret pc=0x00007f07fbb510d0 method=java.lang.ThreadLocal.get()Ljava/lang/Object; @ 11 c2
Event: 19.641 Thread 0x00007f080c051800 DEOPT PACKING pc=0x00007f07fbb510d0 sp=0x00007f07f3030470
Event: 19.641 Thread 0x00007f080c051800 DEOPT UNPACKING pc=0x00007f07f3f203a5 sp=0x00007f07f3030428 mode 2
Event: 21.022 Thread 0x00007f080d4e3000 Uncommon trap: trap_request=0xffffffde fr.pc=0x00007f07fbba876c relative=0x000000000000044c
Event: 21.022 Thread 0x00007f080d4e3000 Uncommon trap: reason=class_check action=maybe_recompile pc=0x00007f07fbba876c method=org.gradle.internal.event.AbstractBroadcastDispatch.dispatch(Lorg/gradle/internal/dispatch/MethodInvocation;Ljava/util/Iterator;)V @ 17 c2
Event: 21.022 Thread 0x00007f080d4e3000 DEOPT PACKING pc=0x00007f07fbba876c sp=0x00007f07f0971290
Event: 21.022 Thread 0x00007f080d4e3000 DEOPT UNPACKING pc=0x00007f07f3f203a5 sp=0x00007f07f0971260 mode 2

Classes redefined (0 events):
No events

Internal exceptions (20 events):
Event: 9.768 Thread 0x00007f07e8010800 Exception <a 'java/lang/NoSuchMethodError'{0x00000000c0d5fed8}: 'java.lang.Object java.lang.invoke.Invokers$Holder.linkToTargetMethod(java.lang.Object, java.lang.Object, java.lang.Object, java.lang.Object, java.lang.Object, java.lang.Object)'> (0x00000000
Event: 9.899 Thread 0x00007f07e8010800 Exception <a 'java/lang/NoSuchMethodError'{0x00000000c00c6520}: 'int java.lang.invoke.DirectMethodHandle$Holder.invokeSpecial(java.lang.Object, java.lang.Object, java.lang.Object, java.lang.Object, java.lang.Object)'> (0x00000000c00c6520) thrown at [/buil
Event: 10.493 Thread 0x00007f07e8010800 Implicit null exception at 0x00007f07fbb69e2e to 0x00007f07fbb6a58a
Event: 10.586 Thread 0x00007f07e8010800 Exception <a 'java/lang/NoSuchMethodError'{0x00000000c0590030}: 'void java.lang.invoke.DirectMethodHandle$Holder.invokeSpecial(java.lang.Object, java.lang.Object, java.lang.Object, java.lang.Object, java.lang.Object, java.lang.Object)'> (0x00000000c059003
Event: 10.634 Thread 0x00007f07e8010800 Exception <a 'java/lang/NoSuchMethodError'{0x00000000c06614b8}: 'int java.lang.invoke.DirectMethodHandle$Holder.invokeVirtual(java.lang.Object, java.lang.Object, java.lang.Object, java.lang.Object)'> (0x00000000c06614b8) thrown at [/build/openjdk-lts-ioLl
Event: 10.640 Thread 0x00007f07e8010800 Exception <a 'java/lang/NoSuchMethodError'{0x00000000c066ce38}: 'java.lang.Object java.lang.invoke.DirectMethodHandle$Holder.invokeStatic(java.lang.Object, java.lang.Object, int, java.lang.Object)'> (0x00000000c066ce38) thrown at [/build/openjdk-lts-ioLlt
Event: 10.640 Thread 0x00007f07e8010800 Exception <a 'java/lang/NoSuchMethodError'{0x00000000c0671450}: 'java.lang.Object java.lang.invoke.DirectMethodHandle$Holder.invokeSpecial(java.lang.Object, java.lang.Object, java.lang.Object, int, java.lang.Object)'> (0x00000000c0671450) thrown at [/buil
Event: 10.640 Thread 0x00007f07e8010800 Exception <a 'java/lang/NoSuchMethodError'{0x00000000c0675388}: 'java.lang.Object java.lang.invoke.Invokers$Holder.linkToTargetMethod(java.lang.Object, int, java.lang.Object, java.lang.Object)'> (0x00000000c0675388) thrown at [/build/openjdk-lts-ioLltV/op
Event: 10.825 Thread 0x00007f07e8010800 Exception <a 'java/lang/NoSuchMethodError'{0x00000000c09b45e0}: 'void java.lang.invoke.DirectMethodHandle$Holder.invokeVirtual(java.lang.Object, java.lang.Object)'> (0x00000000c09b45e0) thrown at [/build/openjdk-lts-ioLltV/openjdk-lts-11.0.5+10/src/hotspo
Event: 11.022 Thread 0x00007f080d4e3000 Exception <a 'java/io/IOException'{0x00000000c0cc6ea0}> (0x00000000c0cc6ea0) thrown at [/build/openjdk-lts-ioLltV/openjdk-lts-11.0.5+10/src/hotspot/share/prims/jni.cpp, line 615]
Event: 11.103 Thread 0x00007f080d1aa800 Exception <a 'java/lang/NoSuchMethodError'{0x00000000c000fe48}: 'java.lang.Object java.lang.invoke.DirectMethodHandle$Holder.invokeStaticInit(java.lang.Object, java.lang.Object, long, java.lang.Object)'> (0x00000000c000fe48) thrown at [/build/openjdk-lts-
Event: 11.104 Thread 0x00007f080d1aa800 Exception <a 'java/lang/NoSuchMethodError'{0x00000000c001c380}: 'java.lang.Object java.lang.invoke.Invokers$Holder.linkToTargetMethod(java.lang.Object, long, java.lang.Object)'> (0x00000000c001c380) thrown at [/build/openjdk-lts-ioLltV/openjdk-lts-11.0.5+
Event: 11.105 Thread 0x00007f080d1aa800 Exception <a 'java/lang/NoSuchMethodError'{0x00000000c0022410}: 'java.lang.Object java.lang.invoke.DirectMethodHandle$Holder.invokeStatic(java.lang.Object, java.lang.Object, java.lang.Object, int)'> (0x00000000c0022410) thrown at [/build/openjdk-lts-ioLlt
Event: 11.105 Thread 0x00007f080d1aa800 Exception <a 'java/lang/NoSuchMethodError'{0x00000000c0026110}: 'java.lang.Object java.lang.invoke.DirectMethodHandle$Holder.invokeSpecial(java.lang.Object, java.lang.Object, java.lang.Object, java.lang.Object, int)'> (0x00000000c0026110) thrown at [/buil
Event: 11.105 Thread 0x00007f080d1aa800 Exception <a 'java/lang/NoSuchMethodError'{0x00000000c0029178}: 'java.lang.Object java.lang.invoke.Invokers$Holder.linkToTargetMethod(java.lang.Object, java.lang.Object, int, java.lang.Object)'> (0x00000000c0029178) thrown at [/build/openjdk-lts-ioLltV/op
Event: 16.022 Thread 0x00007f080d4e3000 Exception <a 'java/io/IOException'{0x00000000c02d08b8}> (0x00000000c02d08b8) thrown at [/build/openjdk-lts-ioLltV/openjdk-lts-11.0.5+10/src/hotspot/share/prims/jni.cpp, line 615]
Event: 19.285 Thread 0x00007f07e800c000 Exception <a 'java/io/IOException'{0x00000000c0a90b98}> (0x00000000c0a90b98) thrown at [/build/openjdk-lts-ioLltV/openjdk-lts-11.0.5+10/src/hotspot/share/prims/jni.cpp, line 615]
Event: 19.289 Thread 0x00007f080ccb3800 Exception <a 'java/io/IOException'{0x00000000c0a900b0}> (0x00000000c0a900b0) thrown at [/build/openjdk-lts-ioLltV/openjdk-lts-11.0.5+10/src/hotspot/share/prims/jni.cpp, line 615]
Event: 19.641 Thread 0x00007f080c051800 Implicit null exception at 0x00007f07fbb50f98 to 0x00007f07fbb510be
Event: 21.022 Thread 0x00007f080d4e3000 Exception <a 'java/io/IOException'{0x00000000c1286838}> (0x00000000c1286838) thrown at [/build/openjdk-lts-ioLltV/openjdk-lts-11.0.5+10/src/hotspot/share/prims/jni.cpp, line 615]

Events (20 events):
Event: 19.868 Executing VM operation: GenCollectForAllocation done
Event: 20.090 Executing VM operation: GenCollectForAllocation
Event: 20.105 Executing VM operation: GenCollectForAllocation done
Event: 20.325 Executing VM operation: GenCollectForAllocation
Event: 20.339 Executing VM operation: GenCollectForAllocation done
Event: 20.560 Executing VM operation: GenCollectForAllocation
Event: 20.573 Executing VM operation: GenCollectForAllocation done
Event: 20.800 Executing VM operation: GenCollectForAllocation
Event: 20.814 Executing VM operation: GenCollectForAllocation done
Event: 21.052 Executing VM operation: GenCollectForAllocation
Event: 21.178 Executing VM operation: GenCollectForAllocation done
Event: 21.560 Executing VM operation: GenCollectForAllocation
Event: 21.608 Executing VM operation: GenCollectForAllocation done
Event: 22.008 Executing VM operation: GenCollectForAllocation
Event: 22.045 Executing VM operation: GenCollectForAllocation done
Event: 22.447 Executing VM operation: GenCollectForAllocation
Event: 22.480 Executing VM operation: GenCollectForAllocation done
Event: 22.884 Executing VM operation: GenCollectForAllocation
Event: 22.918 Executing VM operation: GenCollectForAllocation done
Event: 23.324 Executing VM operation: GenCollectForAllocation


Dynamic libraries:
c0000000-c2fc0000 rw-p 00000000 00:00 0 
c2fc0000-d5550000 ---p 00000000 00:00 0 
d5550000-db640000 rw-p 00000000 00:00 0 
df6e0000-100000000 ---p 00000000 00:00 0 
800000000-800002000 rwxp 00001000 ca:01 516254                           /usr/lib/jvm/java-11-openjdk-amd64/lib/server/classes.jsa
800002000-8003b8000 rw-p 00003000 ca:01 516254                           /usr/lib/jvm/java-11-openjdk-amd64/lib/server/classes.jsa
8003b8000-800a7e000 r--p 003b9000 ca:01 516254                           /usr/lib/jvm/java-11-openjdk-amd64/lib/server/classes.jsa
800a7e000-800a7f000 rw-p 00a7f000 ca:01 516254                           /usr/lib/jvm/java-11-openjdk-amd64/lib/server/classes.jsa
800a7f000-80108b000 r--p 00a80000 ca:01 516254                           /usr/lib/jvm/java-11-openjdk-amd64/lib/server/classes.jsa
840000000-840620000 rw-p 00000000 00:00 0 
840620000-880000000 ---p 00000000 00:00 0 
562a9ac36000-562a9ac37000 r-xp 00000000 ca:01 516644                     /usr/lib/jvm/java-11-openjdk-amd64/bin/java
562a9ae37000-562a9ae38000 r--p 00001000 ca:01 516644                     /usr/lib/jvm/java-11-openjdk-amd64/bin/java
562a9ae38000-562a9ae39000 rw-p 00002000 ca:01 516644                     /usr/lib/jvm/java-11-openjdk-amd64/bin/java
562a9ba2a000-562a9ba6c000 rw-p 00000000 00:00 0                          [heap]
7f07d2332000-7f07d2336000 ---p 00000000 00:00 0 
7f07d2336000-7f07d2433000 rw-p 00000000 00:00 0 
7f07d2433000-7f07d2437000 ---p 00000000 00:00 0 
7f07d2437000-7f07d2534000 rw-p 00000000 00:00 0 
7f07d2534000-7f07d2538000 ---p 00000000 00:00 0 
7f07d2538000-7f07d2635000 rw-p 00000000 00:00 0 
7f07d2635000-7f07d2639000 ---p 00000000 00:00 0 
7f07d2639000-7f07d2736000 rw-p 00000000 00:00 0 
7f07d2736000-7f07d273a000 ---p 00000000 00:00 0 
7f07d273a000-7f07d2977000 rw-p 00000000 00:00 0 
7f07d2977000-7f07d2a37000 ---p 00000000 00:00 0 
7f07d2a37000-7f07d2c37000 rw-p 00000000 00:00 0 
7f07d2c37000-7f07d2e37000 rw-p 00000000 00:00 0 
7f07d2e37000-7f07d3037000 rw-p 00000000 00:00 0 
7f07d3037000-7f07d303b000 ---p 00000000 00:00 0 
7f07d303b000-7f07d3338000 rw-p 00000000 00:00 0 
7f07d3338000-7f07d333c000 ---p 00000000 00:00 0 
7f07d333c000-7f07d3439000 rw-p 00000000 00:00 0 
7f07d3439000-7f07d343d000 ---p 00000000 00:00 0 
7f07d343d000-7f07d373a000 rw-p 00000000 00:00 0 
7f07d373a000-7f07d393a000 rw-p 00000000 00:00 0 
7f07d393a000-7f07d3b3a000 rw-p 00000000 00:00 0 
7f07d3bfe000-7f07d3c02000 ---p 00000000 00:00 0 
7f07d3c02000-7f07d3cff000 rw-p 00000000 00:00 0 
7f07d3cff000-7f07d3d03000 ---p 00000000 00:00 0 
7f07d3d03000-7f07d4000000 rw-p 00000000 00:00 0 
7f07d4000000-7f07d488f000 rw-p 00000000 00:00 0 
7f07d488f000-7f07d8000000 ---p 00000000 00:00 0 
7f07d8000000-7f07d8021000 rw-p 00000000 00:00 0 
7f07d8021000-7f07dc000000 ---p 00000000 00:00 0 
7f07dc000000-7f07dc03e000 rw-p 00000000 00:00 0 
7f07dc03e000-7f07e0000000 ---p 00000000 00:00 0 
7f07e0000000-7f07e16b8000 rw-p 00000000 00:00 0 
7f07e16b8000-7f07e4000000 ---p 00000000 00:00 0 
7f07e4000000-7f07e402c000 rw-p 00000000 00:00 0 
7f07e402c000-7f07e8000000 ---p 00000000 00:00 0 
7f07e8000000-7f07e8021000 rw-p 00000000 00:00 0 
7f07e8021000-7f07ec000000 ---p 00000000 00:00 0 
7f07ec000000-7f07ec65e000 rw-p 00000000 00:00 0 
7f07ec65e000-7f07f0000000 ---p 00000000 00:00 0 
7f07f002d000-7f07f022d000 rw-p 00000000 00:00 0 
7f07f022d000-7f07f042d000 rw-p 00000000 00:00 0 
7f07f042d000-7f07f062d000 rw-p 00000000 00:00 0 
7f07f062d000-7f07f082d000 rw-p 00000000 00:00 0 
7f07f0850000-7f07f0854000 ---p 00000000 00:00 0 
7f07f0854000-7f07f0872000 rw-p 00000000 00:00 0 
7f07f0872000-7f07f0876000 ---p 00000000 00:00 0 
7f07f0876000-7f07f0b73000 rw-p 00000000 00:00 0 
7f07f0b73000-7f07f0b77000 ---p 00000000 00:00 0 
7f07f0b77000-7f07f0c74000 rw-p 00000000 00:00 0 
7f07f0c74000-7f07f0c78000 ---p 00000000 00:00 0 
7f07f0c78000-7f07f0d75000 rw-p 00000000 00:00 0 
7f07f0d75000-7f07f0d79000 ---p 00000000 00:00 0 
7f07f0d79000-7f07f1076000 rw-p 00000000 00:00 0 
7f07f1076000-7f07f107a000 ---p 00000000 00:00 0 
7f07f107a000-7f07f1177000 rw-p 00000000 00:00 0 
7f07f1177000-7f07f117b000 ---p 00000000 00:00 0 
7f07f117b000-7f07f1278000 rw-p 00000000 00:00 0 
7f07f1278000-7f07f127c000 ---p 00000000 00:00 0 
7f07f127c000-7f07f1379000 rw-p 00000000 00:00 0 
7f07f1379000-7f07f137d000 ---p 00000000 00:00 0 
7f07f137d000-7f07f147a000 rw-p 00000000 00:00 0 
7f07f147a000-7f07f147e000 ---p 00000000 00:00 0 
7f07f147e000-7f07f157b000 rw-p 00000000 00:00 0 
7f07f157b000-7f07f157f000 ---p 00000000 00:00 0 
7f07f157f000-7f07f167c000 rw-p 00000000 00:00 0 
7f07f167c000-7f07f1680000 ---p 00000000 00:00 0 
7f07f1680000-7f07f177d000 rw-p 00000000 00:00 0 
7f07f177d000-7f07f1781000 ---p 00000000 00:00 0 
7f07f1781000-7f07f187e000 rw-p 00000000 00:00 0 
7f07f187e000-7f07f1880000 r-xp 00000000 ca:01 516706                     /usr/lib/jvm/java-11-openjdk-amd64/lib/libextnet.so
7f07f1880000-7f07f1a7f000 ---p 00002000 ca:01 516706                     /usr/lib/jvm/java-11-openjdk-amd64/lib/libextnet.so
7f07f1a7f000-7f07f1a80000 r--p 00001000 ca:01 516706                     /usr/lib/jvm/java-11-openjdk-amd64/lib/libextnet.so
7f07f1a80000-7f07f1a81000 rw-p 00002000 ca:01 516706                     /usr/lib/jvm/java-11-openjdk-amd64/lib/libextnet.so
7f07f1a81000-7f07f1a86000 r-xp 00000000 ca:01 516723                     /usr/lib/jvm/java-11-openjdk-amd64/lib/libmanagement_ext.so
7f07f1a86000-7f07f1c85000 ---p 00005000 ca:01 516723                     /usr/lib/jvm/java-11-openjdk-amd64/lib/libmanagement_ext.so
7f07f1c85000-7f07f1c86000 r--p 00004000 ca:01 516723                     /usr/lib/jvm/java-11-openjdk-amd64/lib/libmanagement_ext.so
7f07f1c86000-7f07f1c87000 rw-p 00005000 ca:01 516723                     /usr/lib/jvm/java-11-openjdk-amd64/lib/libmanagement_ext.so
7f07f1c87000-7f07f1c8b000 r-xp 00000000 ca:01 516721                     /usr/lib/jvm/java-11-openjdk-amd64/lib/libmanagement.so
7f07f1c8b000-7f07f1e8a000 ---p 00004000 ca:01 516721                     /usr/lib/jvm/java-11-openjdk-amd64/lib/libmanagement.so
7f07f1e8a000-7f07f1e8b000 r--p 00003000 ca:01 516721                     /usr/lib/jvm/java-11-openjdk-amd64/lib/libmanagement.so
7f07f1e8b000-7f07f1e8c000 rw-p 00004000 ca:01 516721                     /usr/lib/jvm/java-11-openjdk-amd64/lib/libmanagement.so
7f07f1e8c000-7f07f1e90000 r-xp 00000000 ca:01 518729                     /usr/lib/jni/libnative-platform.so
7f07f1e90000-7f07f208f000 ---p 00004000 ca:01 518729                     /usr/lib/jni/libnative-platform.so
7f07f208f000-7f07f2090000 r--p 00003000 ca:01 518729                     /usr/lib/jni/libnative-platform.so
7f07f2090000-7f07f2091000 rw-p 00004000 ca:01 518729                     /usr/lib/jni/libnative-platform.so
7f07f2091000-7f07f20c2000 rw-p 00000000 00:00 0 
7f07f20c2000-7f07f20d8000 r-xp 00000000 ca:01 516725                     /usr/lib/jvm/java-11-openjdk-amd64/lib/libnet.so
7f07f20d8000-7f07f22d7000 ---p 00016000 ca:01 516725                     /usr/lib/jvm/java-11-openjdk-amd64/lib/libnet.so
7f07f22d7000-7f07f22d8000 r--p 00015000 ca:01 516725                     /usr/lib/jvm/java-11-openjdk-amd64/lib/libnet.so
7f07f22d8000-7f07f22d9000 rw-p 00016000 ca:01 516725                     /usr/lib/jvm/java-11-openjdk-amd64/lib/libnet.so
7f07f22d9000-7f07f22e9000 r-xp 00000000 ca:01 516726                     /usr/lib/jvm/java-11-openjdk-amd64/lib/libnio.so
7f07f22e9000-7f07f24e8000 ---p 00010000 ca:01 516726                     /usr/lib/jvm/java-11-openjdk-amd64/lib/libnio.so
7f07f24e8000-7f07f24e9000 r--p 0000f000 ca:01 516726                     /usr/lib/jvm/java-11-openjdk-amd64/lib/libnio.so
7f07f24e9000-7f07f24ea000 rw-p 00010000 ca:01 516726                     /usr/lib/jvm/java-11-openjdk-amd64/lib/libnio.so
7f07f24ea000-7f07f24ee000 ---p 00000000 00:00 0 
7f07f24ee000-7f07f25eb000 rw-p 00000000 00:00 0 
7f07f25eb000-7f07f25ec000 ---p 00000000 00:00 0 
7f07f25ec000-7f07f26ed000 rw-p 00000000 00:00 0 
7f07f26ed000-7f07f26f1000 ---p 00000000 00:00 0 
7f07f26f1000-7f07f27ee000 rw-p 00000000 00:00 0 
7f07f27ee000-7f07f27f2000 ---p 00000000 00:00 0 
7f07f27f2000-7f07f28ef000 rw-p 00000000 00:00 0 
7f07f28ef000-7f07f28f3000 ---p 00000000 00:00 0 
7f07f28f3000-7f07f29f0000 rw-p 00000000 00:00 0 
7f07f29f0000-7f07f29f4000 ---p 00000000 00:00 0 
7f07f29f4000-7f07f2af1000 rw-p 00000000 00:00 0 
7f07f2af1000-7f07f2af5000 ---p 00000000 00:00 0 
7f07f2af5000-7f07f2bf2000 rw-p 00000000 00:00 0 
7f07f2bf2000-7f07f2c23000 r--p 00000000 ca:01 7801                       /usr/lib/locale/C.UTF-8/LC_CTYPE
7f07f2c23000-7f07f2d96000 r--p 00000000 ca:01 7800                       /usr/lib/locale/C.UTF-8/LC_COLLATE
7f07f2d96000-7f07f2f31000 r--p 00000000 ca:01 7795                       /usr/lib/locale/locale-archive
7f07f2f31000-7f07f2f35000 ---p 00000000 00:00 0 
7f07f2f35000-7f07f3032000 rw-p 00000000 00:00 0 
7f07f3032000-7f07f3036000 ---p 00000000 00:00 0 
7f07f3036000-7f07f3133000 rw-p 00000000 00:00 0 
7f07f3133000-7f07f3134000 ---p 00000000 00:00 0 
7f07f3134000-7f07f3ab6000 rw-p 00000000 00:00 0 
7f07f3ab6000-7f07f3ae7000 rw-p 00000000 00:00 0 
7f07f3ae7000-7f07f3c0c000 ---p 00000000 00:00 0 
7f07f3c0c000-7f07f3c24000 rw-p 00000000 00:00 0 
7f07f3c24000-7f07f3cb6000 ---p 00000000 00:00 0 
7f07f3cb6000-7f07f3ce8000 rw-p 00000000 00:00 0 
7f07f3ce8000-7f07f3e0c000 ---p 00000000 00:00 0 
7f07f3e0c000-7f07f3e12000 rw-p 00000000 00:00 0 
7f07f3e12000-7f07f3ef8000 ---p 00000000 00:00 0 
7f07f3ef8000-7f07f4168000 rwxp 00000000 00:00 0 
7f07f4168000-7f07f4487000 ---p 00000000 00:00 0 
7f07f4487000-7f07f4e57000 rwxp 00000000 00:00 0 
7f07f4e57000-7f07fb9bf000 ---p 00000000 00:00 0 
7f07fb9bf000-7f07fbc2f000 rwxp 00000000 00:00 0 
7f07fbc2f000-7f0802ef8000 ---p 00000000 00:00 0 
7f0802ef8000-7f080b5ba000 r--s 00000000 ca:01 516735                     /usr/lib/jvm/java-11-openjdk-amd64/lib/modules
7f080b5ba000-7f080b5bf000 r-xp 00000000 ca:01 516717                     /usr/lib/jvm/java-11-openjdk-amd64/lib/libjimage.so
7f080b5bf000-7f080b7be000 ---p 00005000 ca:01 516717                     /usr/lib/jvm/java-11-openjdk-amd64/lib/libjimage.so
7f080b7be000-7f080b7bf000 r--p 00004000 ca:01 516717                     /usr/lib/jvm/java-11-openjdk-amd64/lib/libjimage.so
7f080b7bf000-7f080b7c0000 rw-p 00005000 ca:01 516717                     /usr/lib/jvm/java-11-openjdk-amd64/lib/libjimage.so
7f080b7c0000-7f080b7c7000 r-xp 00000000 ca:01 516734                     /usr/lib/jvm/java-11-openjdk-amd64/lib/libzip.so
7f080b7c7000-7f080b9c6000 ---p 00007000 ca:01 516734                     /usr/lib/jvm/java-11-openjdk-amd64/lib/libzip.so
7f080b9c6000-7f080b9c7000 r--p 00006000 ca:01 516734                     /usr/lib/jvm/java-11-openjdk-amd64/lib/libzip.so
7f080b9c7000-7f080b9c8000 rw-p 00007000 ca:01 516734                     /usr/lib/jvm/java-11-openjdk-amd64/lib/libzip.so
7f080b9c8000-7f080b9d3000 r-xp 00000000 ca:01 2093                       /lib/x86_64-linux-gnu/libnss_files-2.27.so
7f080b9d3000-7f080bbd2000 ---p 0000b000 ca:01 2093                       /lib/x86_64-linux-gnu/libnss_files-2.27.so
7f080bbd2000-7f080bbd3000 r--p 0000a000 ca:01 2093                       /lib/x86_64-linux-gnu/libnss_files-2.27.so
7f080bbd3000-7f080bbd4000 rw-p 0000b000 ca:01 2093                       /lib/x86_64-linux-gnu/libnss_files-2.27.so
7f080bbd4000-7f080bbda000 rw-p 00000000 00:00 0 
7f080bbda000-7f080bbf1000 r-xp 00000000 ca:01 2090                       /lib/x86_64-linux-gnu/libnsl-2.27.so
7f080bbf1000-7f080bdf0000 ---p 00017000 ca:01 2090                       /lib/x86_64-linux-gnu/libnsl-2.27.so
7f080bdf0000-7f080bdf1000 r--p 00016000 ca:01 2090                       /lib/x86_64-linux-gnu/libnsl-2.27.so
7f080bdf1000-7f080bdf2000 rw-p 00017000 ca:01 2090                       /lib/x86_64-linux-gnu/libnsl-2.27.so
7f080bdf2000-7f080bdf4000 rw-p 00000000 00:00 0 
7f080bdf4000-7f080bdff000 r-xp 00000000 ca:01 2095                       /lib/x86_64-linux-gnu/libnss_nis-2.27.so
7f080bdff000-7f080bffe000 ---p 0000b000 ca:01 2095                       /lib/x86_64-linux-gnu/libnss_nis-2.27.so
7f080bffe000-7f080bfff000 r--p 0000a000 ca:01 2095                       /lib/x86_64-linux-gnu/libnss_nis-2.27.so
7f080bfff000-7f080c000000 rw-p 0000b000 ca:01 2095                       /lib/x86_64-linux-gnu/libnss_nis-2.27.so
7f080c000000-7f080db6a000 rw-p 00000000 00:00 0 
7f080db6a000-7f0810000000 ---p 00000000 00:00 0 
7f0810013000-7f0810027000 rw-p 00000000 00:00 0 
7f0810027000-7f08100fe000 ---p 00000000 00:00 0 
7f08100fe000-7f0810106000 r-xp 00000000 ca:01 2091                       /lib/x86_64-linux-gnu/libnss_compat-2.27.so
7f0810106000-7f0810306000 ---p 00008000 ca:01 2091                       /lib/x86_64-linux-gnu/libnss_compat-2.27.so
7f0810306000-7f0810307000 r--p 00008000 ca:01 2091                       /lib/x86_64-linux-gnu/libnss_compat-2.27.so
7f0810307000-7f0810308000 rw-p 00009000 ca:01 2091                       /lib/x86_64-linux-gnu/libnss_compat-2.27.so
7f0810308000-7f0810331000 r-xp 00000000 ca:01 516713                     /usr/lib/jvm/java-11-openjdk-amd64/lib/libjava.so
7f0810331000-7f0810530000 ---p 00029000 ca:01 516713                     /usr/lib/jvm/java-11-openjdk-amd64/lib/libjava.so
7f0810530000-7f0810531000 r--p 00028000 ca:01 516713                     /usr/lib/jvm/java-11-openjdk-amd64/lib/libjava.so
7f0810531000-7f0810533000 rw-p 00029000 ca:01 516713                     /usr/lib/jvm/java-11-openjdk-amd64/lib/libjava.so
7f0810533000-7f0810540000 r-xp 00000000 ca:01 516733                     /usr/lib/jvm/java-11-openjdk-amd64/lib/libverify.so
7f0810540000-7f081073f000 ---p 0000d000 ca:01 516733                     /usr/lib/jvm/java-11-openjdk-amd64/lib/libverify.so
7f081073f000-7f0810741000 r--p 0000c000 ca:01 516733                     /usr/lib/jvm/java-11-openjdk-amd64/lib/libverify.so
7f0810741000-7f0810742000 rw-p 0000e000 ca:01 516733                     /usr/lib/jvm/java-11-openjdk-amd64/lib/libverify.so
7f0810742000-7f0810749000 r-xp 00000000 ca:01 2180                       /lib/x86_64-linux-gnu/librt-2.27.so
7f0810749000-7f0810948000 ---p 00007000 ca:01 2180                       /lib/x86_64-linux-gnu/librt-2.27.so
7f0810948000-7f0810949000 r--p 00006000 ca:01 2180                       /lib/x86_64-linux-gnu/librt-2.27.so
7f0810949000-7f081094a000 rw-p 00007000 ca:01 2180                       /lib/x86_64-linux-gnu/librt-2.27.so
7f081094a000-7f0810961000 r-xp 00000000 ca:01 2096                       /lib/x86_64-linux-gnu/libgcc_s.so.1
7f0810961000-7f0810b60000 ---p 00017000 ca:01 2096                       /lib/x86_64-linux-gnu/libgcc_s.so.1
7f0810b60000-7f0810b61000 r--p 00016000 ca:01 2096                       /lib/x86_64-linux-gnu/libgcc_s.so.1
7f0810b61000-7f0810b62000 rw-p 00017000 ca:01 2096                       /lib/x86_64-linux-gnu/libgcc_s.so.1
7f0810b62000-7f0810cff000 r-xp 00000000 ca:01 2087                       /lib/x86_64-linux-gnu/libm-2.27.so
7f0810cff000-7f0810efe000 ---p 0019d000 ca:01 2087                       /lib/x86_64-linux-gnu/libm-2.27.so
7f0810efe000-7f0810eff000 r--p 0019c000 ca:01 2087                       /lib/x86_64-linux-gnu/libm-2.27.so
7f0810eff000-7f0810f00000 rw-p 0019d000 ca:01 2087                       /lib/x86_64-linux-gnu/libm-2.27.so
7f0810f00000-7f0811079000 r-xp 00000000 ca:01 5016                       /usr/lib/x86_64-linux-gnu/libstdc++.so.6.0.25
7f0811079000-7f0811279000 ---p 00179000 ca:01 5016                       /usr/lib/x86_64-linux-gnu/libstdc++.so.6.0.25
7f0811279000-7f0811283000 r--p 00179000 ca:01 5016                       /usr/lib/x86_64-linux-gnu/libstdc++.so.6.0.25
7f0811283000-7f0811285000 rw-p 00183000 ca:01 5016                       /usr/lib/x86_64-linux-gnu/libstdc++.so.6.0.25
7f0811285000-7f0811289000 rw-p 00000000 00:00 0 
7f0811289000-7f081235d000 r-xp 00000000 ca:01 516738                     /usr/lib/jvm/java-11-openjdk-amd64/lib/server/libjvm.so
7f081235d000-7f081255d000 ---p 010d4000 ca:01 516738                     /usr/lib/jvm/java-11-openjdk-amd64/lib/server/libjvm.so
7f081255d000-7f081261a000 r--p 010d4000 ca:01 516738                     /usr/lib/jvm/java-11-openjdk-amd64/lib/server/libjvm.so
7f081261a000-7f0812653000 rw-p 01191000 ca:01 516738                     /usr/lib/jvm/java-11-openjdk-amd64/lib/server/libjvm.so
7f0812653000-7f08126aa000 rw-p 00000000 00:00 0 
7f08126aa000-7f08126c4000 r-xp 00000000 ca:01 2178                       /lib/x86_64-linux-gnu/libpthread-2.27.so
7f08126c4000-7f08128c3000 ---p 0001a000 ca:01 2178                       /lib/x86_64-linux-gnu/libpthread-2.27.so
7f08128c3000-7f08128c4000 r--p 00019000 ca:01 2178                       /lib/x86_64-linux-gnu/libpthread-2.27.so
7f08128c4000-7f08128c5000 rw-p 0001a000 ca:01 2178                       /lib/x86_64-linux-gnu/libpthread-2.27.so
7f08128c5000-7f08128c9000 rw-p 00000000 00:00 0 
7f08128c9000-7f08128cc000 r-xp 00000000 ca:01 2086                       /lib/x86_64-linux-gnu/libdl-2.27.so
7f08128cc000-7f0812acb000 ---p 00003000 ca:01 2086                       /lib/x86_64-linux-gnu/libdl-2.27.so
7f0812acb000-7f0812acc000 r--p 00002000 ca:01 2086                       /lib/x86_64-linux-gnu/libdl-2.27.so
7f0812acc000-7f0812acd000 rw-p 00003000 ca:01 2086                       /lib/x86_64-linux-gnu/libdl-2.27.so
7f0812acd000-7f0812ae9000 r-xp 00000000 ca:01 2183                       /lib/x86_64-linux-gnu/libz.so.1.2.11
7f0812ae9000-7f0812ce8000 ---p 0001c000 ca:01 2183                       /lib/x86_64-linux-gnu/libz.so.1.2.11
7f0812ce8000-7f0812ce9000 r--p 0001b000 ca:01 2183                       /lib/x86_64-linux-gnu/libz.so.1.2.11
7f0812ce9000-7f0812cea000 rw-p 0001c000 ca:01 2183                       /lib/x86_64-linux-gnu/libz.so.1.2.11
7f0812cea000-7f0812ed1000 r-xp 00000000 ca:01 2083                       /lib/x86_64-linux-gnu/libc-2.27.so
7f0812ed1000-7f08130d1000 ---p 001e7000 ca:01 2083                       /lib/x86_64-linux-gnu/libc-2.27.so
7f08130d1000-7f08130d5000 r--p 001e7000 ca:01 2083                       /lib/x86_64-linux-gnu/libc-2.27.so
7f08130d5000-7f08130d7000 rw-p 001eb000 ca:01 2083                       /lib/x86_64-linux-gnu/libc-2.27.so
7f08130d7000-7f08130db000 rw-p 00000000 00:00 0 
7f08130db000-7f08130eb000 r-xp 00000000 ca:01 516697                     /usr/lib/jvm/java-11-openjdk-amd64/lib/jli/libjli.so
7f08130eb000-7f08132ea000 ---p 00010000 ca:01 516697                     /usr/lib/jvm/java-11-openjdk-amd64/lib/jli/libjli.so
7f08132ea000-7f08132eb000 r--p 0000f000 ca:01 516697                     /usr/lib/jvm/java-11-openjdk-amd64/lib/jli/libjli.so
7f08132eb000-7f08132ec000 rw-p 00010000 ca:01 516697                     /usr/lib/jvm/java-11-openjdk-amd64/lib/jli/libjli.so
7f08132ec000-7f0813313000 r-xp 00000000 ca:01 2079                       /lib/x86_64-linux-gnu/ld-2.27.so
7f0813320000-7f0813321000 r--p 00000000 ca:01 7806                       /usr/lib/locale/C.UTF-8/LC_NUMERIC
7f0813321000-7f0813322000 r--p 00000000 ca:01 7809                       /usr/lib/locale/C.UTF-8/LC_TIME
7f0813322000-7f0813323000 r--p 00000000 ca:01 7804                       /usr/lib/locale/C.UTF-8/LC_MONETARY
7f0813323000-7f0813324000 r--p 00000000 ca:01 7798                       /usr/lib/locale/C.UTF-8/LC_MESSAGES/SYS_LC_MESSAGES
7f0813324000-7f0813325000 r--p 00000000 ca:01 7807                       /usr/lib/locale/C.UTF-8/LC_PAPER
7f0813325000-7f0813326000 r--p 00000000 ca:01 7805                       /usr/lib/locale/C.UTF-8/LC_NAME
7f0813326000-7f081332d000 r--s 00000000 ca:01 5009                       /usr/lib/x86_64-linux-gnu/gconv/gconv-modules.cache
7f081332d000-7f08133f7000 rw-p 00000000 00:00 0 
7f08133f7000-7f08133fe000 ---p 00000000 00:00 0 
7f08133fe000-7f0813406000 rw-s 00000000 ca:01 282313                     /tmp/hsperfdata_ubuntu/9407
7f0813406000-7f081340a000 ---p 00000000 00:00 0 
7f081340a000-7f0813509000 rw-p 00000000 00:00 0 
7f0813509000-7f081350a000 r--p 00000000 ca:01 7799                       /usr/lib/locale/C.UTF-8/LC_ADDRESS
7f081350a000-7f081350b000 r--p 00000000 ca:01 7808                       /usr/lib/locale/C.UTF-8/LC_TELEPHONE
7f081350b000-7f081350c000 r--p 00000000 ca:01 7803                       /usr/lib/locale/C.UTF-8/LC_MEASUREMENT
7f081350c000-7f081350d000 r--p 00000000 ca:01 7802                       /usr/lib/locale/C.UTF-8/LC_IDENTIFICATION
7f081350d000-7f081350f000 r--s 00007000 ca:01 28134                      /usr/share/java/java-atk-wrapper.jar
7f081350f000-7f0813510000 ---p 00000000 00:00 0 
7f0813510000-7f0813511000 r--p 00000000 00:00 0 
7f0813511000-7f0813513000 rw-p 00000000 00:00 0 
7f0813513000-7f0813514000 r--p 00027000 ca:01 2079                       /lib/x86_64-linux-gnu/ld-2.27.so
7f0813514000-7f0813515000 rw-p 00028000 ca:01 2079                       /lib/x86_64-linux-gnu/ld-2.27.so
7f0813515000-7f0813516000 rw-p 00000000 00:00 0 
7ffc87314000-7ffc87335000 rw-p 00000000 00:00 0                          [stack]
7ffc8733e000-7ffc87341000 r--p 00000000 00:00 0                          [vvar]
7ffc87341000-7ffc87343000 r-xp 00000000 00:00 0                          [vdso]
ffffffffff600000-ffffffffff601000 r-xp 00000000 00:00 0                  [vsyscall]


VM Arguments:
jvm_args: -XX:+HeapDumpOnOutOfMemoryError -Xmx1024m -Dfile.encoding=UTF-8 -Duser.country -Duser.language=en -Duser.variant 
java_command: org.gradle.launcher.daemon.bootstrap.GradleDaemon 4.4.1
java_class_path (initial): /usr/share/gradle/lib/gradle-launcher-4.4.1.jar
Launcher Type: SUN_STANDARD

[Global flags]
     intx CICompilerCount                          = 2                                         {product} {ergonomic}
     bool HeapDumpOnOutOfMemoryError               = true                                   {manageable} {command line}
   size_t InitialHeapSize                          = 8388608                                   {product} {ergonomic}
   size_t MaxHeapSize                              = 1073741824                                {product} {command line}
   size_t MaxNewSize                               = 357892096                                 {product} {ergonomic}
   size_t MinHeapDeltaBytes                        = 196608                                    {product} {ergonomic}
   size_t NewSize                                  = 2752512                                   {product} {ergonomic}
    uintx NonNMethodCodeHeapSize                   = 5825164                                {pd product} {ergonomic}
    uintx NonProfiledCodeHeapSize                  = 122916538                              {pd product} {ergonomic}
   size_t OldSize                                  = 5636096                                   {product} {ergonomic}
    uintx ProfiledCodeHeapSize                     = 122916538                              {pd product} {ergonomic}
    uintx ReservedCodeCacheSize                    = 251658240                              {pd product} {ergonomic}
     bool SegmentedCodeCache                       = true                                      {product} {ergonomic}
     bool UseCompressedClassPointers               = true                                 {lp64_product} {ergonomic}
     bool UseCompressedOops                        = true                                 {lp64_product} {ergonomic}
     bool UseSerialGC                              = true                                      {product} {ergonomic}

Logging:
Log output configuration:
 #0: stdout all=warning uptime,level,tags
 #1: stderr all=off uptime,level,tags

Environment Variables:
PATH=/usr/local/sbin:/usr/local/bin:/usr/sbin:/usr/bin:/sbin:/bin:/usr/games:/usr/local/games:/snap/bin
SHELL=/bin/bash

Signal Handlers:
SIGSEGV: [libjvm.so+0xdeda70], sa_mask[0]=11111111011111111101111111111110, sa_flags=SA_RESTART|SA_SIGINFO
SIGBUS: [libjvm.so+0xdeda70], sa_mask[0]=11111111011111111101111111111110, sa_flags=SA_RESTART|SA_SIGINFO
SIGFPE: [libjvm.so+0xdeda70], sa_mask[0]=11111111011111111101111111111110, sa_flags=SA_RESTART|SA_SIGINFO
SIGPIPE: [libjvm.so+0xbc3040], sa_mask[0]=11111111011111111101111111111110, sa_flags=SA_RESTART|SA_SIGINFO
SIGXFSZ: [libjvm.so+0xbc3040], sa_mask[0]=11111111011111111101111111111110, sa_flags=SA_RESTART|SA_SIGINFO
SIGILL: [libjvm.so+0xdeda70], sa_mask[0]=11111111011111111101111111111110, sa_flags=SA_RESTART|SA_SIGINFO
SIGUSR2: [libjvm.so+0xbc2ee0], sa_mask[0]=00100000000000000000000000000000, sa_flags=SA_RESTART|SA_SIGINFO
SIGHUP: [libjvm.so+0xbc3240], sa_mask[0]=11111111011111111101111111111110, sa_flags=SA_RESTART|SA_SIGINFO
SIGINT: [libjvm.so+0xbc3240], sa_mask[0]=11111111011111111101111111111110, sa_flags=SA_RESTART|SA_SIGINFO
SIGTERM: [libjvm.so+0xbc3240], sa_mask[0]=11111111011111111101111111111110, sa_flags=SA_RESTART|SA_SIGINFO
SIGQUIT: [libjvm.so+0xbc3240], sa_mask[0]=11111111011111111101111111111110, sa_flags=SA_RESTART|SA_SIGINFO


---------------  S Y S T E M  ---------------

OS:DISTRIB_ID=Ubuntu
DISTRIB_RELEASE=18.04
DISTRIB_CODENAME=bionic
DISTRIB_DESCRIPTION="Ubuntu 18.04.3 LTS"
uname:Linux 4.15.0-1051-aws #53-Ubuntu SMP Wed Sep 18 13:35:53 UTC 2019 x86_64
libc:glibc 2.27 NPTL 2.27 
rlimit: STACK 8192k, CORE 0k, NPROC 1825, NOFILE 1048576, AS infinity, DATA infinity, FSIZE infinity
load average:0.98 0.32 0.15

/proc/meminfo:
MemTotal:         491460 kB
MemFree:            6412 kB
MemAvailable:      64772 kB
Buffers:            2112 kB
Cached:            44824 kB
SwapCached:            0 kB
Active:           373316 kB
Inactive:          22856 kB
Active(anon):     349896 kB
Inactive(anon):      140 kB
Active(file):      23420 kB
Inactive(file):    22716 kB
Unevictable:           0 kB
Mlocked:               0 kB
SwapTotal:             0 kB
SwapFree:              0 kB
Dirty:              2560 kB
Writeback:             0 kB
AnonPages:        349240 kB
Mapped:            34052 kB
Shmem:               796 kB
Slab:              58744 kB
SReclaimable:      24860 kB
SUnreclaim:        33884 kB
KernelStack:        3088 kB
PageTables:         6828 kB
NFS_Unstable:          0 kB
Bounce:                0 kB
WritebackTmp:          0 kB
CommitLimit:      245728 kB
Committed_AS:     763752 kB
VmallocTotal:   34359738367 kB
VmallocUsed:           0 kB
VmallocChunk:          0 kB
HardwareCorrupted:     0 kB
AnonHugePages:         0 kB
ShmemHugePages:        0 kB
ShmemPmdMapped:        0 kB
CmaTotal:              0 kB
CmaFree:               0 kB
HugePages_Total:       0
HugePages_Free:        0
HugePages_Rsvd:        0
HugePages_Surp:        0
Hugepagesize:       2048 kB
DirectMap4k:      114688 kB
DirectMap2M:      409600 kB


/proc/sys/kernel/threads-max (system-wide limit on the number of threads):
3650


/proc/sys/vm/max_map_count (maximum number of memory map areas a process may have):
65530


/proc/sys/kernel/pid_max (system-wide limit on number of process identifiers):
32768



container (cgroup) information:
container_type: cgroupv1
cpu_cpuset_cpus: 0
cpu_memory_nodes: 0
active_processor_count: 1
cpu_quota: -1
cpu_period: 100000
cpu_shares: -1
memory_limit_in_bytes: -1
memory_and_swap_limit_in_bytes: -2
memory_soft_limit_in_bytes: -1
memory_usage_in_bytes: 356048896
memory_max_usage_in_bytes: 378740736

Xen hardware-assisted virtualization detected
Steal ticks since vm start: 2
Steal ticks percentage since vm start:  0.001

CPU:total 1 (initial active 1) (1 cores per cpu, 1 threads per core) family 6 model 63 stepping 2, cmov, cx8, fxsr, mmx, sse, sse2, sse3, ssse3, sse4.1, sse4.2, popcnt, avx, avx2, aes, clmul, erms, lzcnt, tsc, bmi1, bmi2, fma
CPU Model and flags from /proc/cpuinfo:
model name	: Intel(R) Xeon(R) CPU E5-2676 v3 @ 2.40GHz
flags		: fpu vme de pse tsc msr pae mce cx8 apic sep mtrr pge mca cmov pat pse36 clflush mmx fxsr sse sse2 ht syscall nx rdtscp lm constant_tsc rep_good nopl xtopology cpuid pni pclmulqdq ssse3 fma cx16 pcid sse4_1 sse4_2 x2apic movbe popcnt tsc_deadline_timer aes xsave avx f16c rdrand hypervisor lahf_lm abm cpuid_fault invpcid_single pti fsgsbase bmi1 avx2 smep bmi2 erms invpcid xsaveopt

Memory: 4k page, physical 491460k(6412k free), swap 0k(0k free)

vm_info: OpenJDK 64-Bit Server VM (11.0.5+10-post-Ubuntu-0ubuntu1.118.04) for linux-amd64 JRE (11.0.5+10-post-Ubuntu-0ubuntu1.118.04), built on Oct 16 2019 22:01:07 by "buildd" with gcc 7.4.0

END.
